<?xml version="1.0" encoding="UTF-8"?>
<!-- Generated by org.testng.reporters.JUnitReportReporter -->
<testsuite skipped="0" hostname="KhaledAbdelaziz" name="com.Inspire.testcases.SeachRoundTrip" tests="1" failures="0" timestamp="16 May 2019 10:33:55 GMT" time="26.246" errors="0">
  <testcase name="searchRoundtrip" time="26.246" classname="com.Inspire.testcases.SeachRoundTrip"/>
</testsuite> <!-- com.Inspire.testcases.SeachRoundTrip -->
