<?xml version="1.0" encoding="UTF-8"?>
<!-- Generated by org.testng.reporters.JUnitReportReporter -->
<testsuite skipped="0" hostname="AyatAshraf" name="com.Inspire.testcases.LoginPageTest" tests="1" failures="0" timestamp="28 Feb 2019 11:19:12 GMT" time="8.246" errors="0">
  <testcase name="login" time="8.246" classname="com.Inspire.testcases.LoginPageTest"/>
</testsuite> <!-- com.Inspire.testcases.LoginPageTest -->
