<?xml version="1.0" encoding="UTF-8"?>
<!-- Generated by org.testng.reporters.JUnitReportReporter -->
<testsuite skipped="0" hostname="HadeerAlaa" name="com.Inspire.testcases.DoSearchForOneWayTrip" tests="1" failures="0" timestamp="23 Apr 2019 13:12:55 GMT" time="17.943" errors="0">
  <testcase name="OneWayTrip" time="17.943" classname="com.Inspire.testcases.DoSearchForOneWayTrip"/>
</testsuite> <!-- com.Inspire.testcases.DoSearchForOneWayTrip -->
